This is pdfTeX, Version 3.1415926-2.4-1.40.13 (MiKTeX 2.9) (preloaded format=pdflatex 2013.12.12)  6 JUN 2015 17:42
entering extended mode
**main.tex
(C:\Users\User\Documents\KU\Attending\BachelorProjekt\Rapport\main.tex
LaTeX2e <2011/06/27>
Babel <v3.8m> and hyphenation patterns for english, afrikaans, ancientgreek, ar
abic, armenian, assamese, basque, bengali, bokmal, bulgarian, catalan, coptic, 
croatian, czech, danish, dutch, esperanto, estonian, farsi, finnish, french, ga
lician, german, german-x-2012-05-30, greek, gujarati, hindi, hungarian, iceland
ic, indonesian, interlingua, irish, italian, kannada, kurmanji, latin, latvian,
 lithuanian, malayalam, marathi, mongolian, mongolianlmc, monogreek, ngerman, n
german-x-2012-05-30, nynorsk, oriya, panjabi, pinyin, polish, portuguese, roman
ian, russian, sanskrit, serbian, slovak, slovenian, spanish, swedish, swissgerm
an, tamil, telugu, turkish, turkmen, ukenglish, ukrainian, uppersorbian, usengl
ishmax, welsh, loaded.
("C:\Program Files (x86)\MiKTeX 2.9\tex\latex\base\article.cls"
Document Class: article 2007/10/19 v1.4h Standard LaTeX document class
("C:\Program Files (x86)\MiKTeX 2.9\tex\latex\base\size10.clo"
File: size10.clo 2007/10/19 v1.4h Standard LaTeX file (size option)
)
\c@part=\count79
\c@section=\count80
\c@subsection=\count81
\c@subsubsection=\count82
\c@paragraph=\count83
\c@subparagraph=\count84
\c@figure=\count85
\c@table=\count86
\abovecaptionskip=\skip41
\belowcaptionskip=\skip42
\bibindent=\dimen102
)
("C:\Program Files (x86)\MiKTeX 2.9\tex\latex\base\inputenc.sty"
Package: inputenc 2008/03/30 v1.1d Input encoding file
\inpenc@prehook=\toks14
\inpenc@posthook=\toks15

("C:\Program Files (x86)\MiKTeX 2.9\tex\latex\ucs\utf8x.def"
File: utf8x.def 2004/10/17 UCS: Input encoding UTF-8
))
("C:\Program Files (x86)\MiKTeX 2.9\tex\latex\ucs\ucs.sty"
Package: ucs 2013/05/11 v2.2 UCS: Unicode input support

("C:\Program Files (x86)\MiKTeX 2.9\tex\latex\ucs\uni-global.def"
File: uni-global.def 2013/05/13 UCS: Unicode global data
)
\uc@secondtry=\count87
\uc@combtoks=\toks16
\uc@combtoksb=\toks17
\uc@temptokena=\toks18
)
("C:\Program Files (x86)\MiKTeX 2.9\tex\latex\subfiles\subfiles.sty"
Package: subfiles 2012/05/23 Federico Garcia

("C:\Program Files (x86)\MiKTeX 2.9\tex\latex\tools\verbatim.sty"
Package: verbatim 2003/08/22 v1.5q LaTeX2e package for verbatim enhancements
\every@verbatim=\toks19
\verbatim@line=\toks20
\verbatim@in@stream=\read1
))
("C:\Program Files (x86)\MiKTeX 2.9\tex\latex\appendix\appendix.sty"
Package: appendix 2009/09/02 v1.2b extra appendix facilities
\c@@pps=\count88
\c@@ppsavesec=\count89
\c@@ppsaveapp=\count90
)
("C:\Program Files (x86)\MiKTeX 2.9\tex\latex\amsmath\amsmath.sty"
Package: amsmath 2013/01/14 v2.14 AMS math features
\@mathmargin=\skip43

For additional information on amsmath, use the `?' option.
("C:\Program Files (x86)\MiKTeX 2.9\tex\latex\amsmath\amstext.sty"
Package: amstext 2000/06/29 v2.01

("C:\Program Files (x86)\MiKTeX 2.9\tex\latex\amsmath\amsgen.sty"
File: amsgen.sty 1999/11/30 v2.0
\@emptytoks=\toks21
\ex@=\dimen103
))
("C:\Program Files (x86)\MiKTeX 2.9\tex\latex\amsmath\amsbsy.sty"
Package: amsbsy 1999/11/29 v1.2d
\pmbraise@=\dimen104
)
("C:\Program Files (x86)\MiKTeX 2.9\tex\latex\amsmath\amsopn.sty"
Package: amsopn 1999/12/14 v2.01 operator names
)
\inf@bad=\count91
LaTeX Info: Redefining \frac on input line 210.
\uproot@=\count92
\leftroot@=\count93
LaTeX Info: Redefining \overline on input line 306.
\classnum@=\count94
\DOTSCASE@=\count95
LaTeX Info: Redefining \ldots on input line 378.
LaTeX Info: Redefining \dots on input line 381.
LaTeX Info: Redefining \cdots on input line 466.
\Mathstrutbox@=\box26
\strutbox@=\box27
\big@size=\dimen105
LaTeX Font Info:    Redeclaring font encoding OML on input line 566.
LaTeX Font Info:    Redeclaring font encoding OMS on input line 567.
\macc@depth=\count96
\c@MaxMatrixCols=\count97
\dotsspace@=\muskip10
\c@parentequation=\count98
\dspbrk@lvl=\count99
\tag@help=\toks22
\row@=\count100
\column@=\count101
\maxfields@=\count102
\andhelp@=\toks23
\eqnshift@=\dimen106
\alignsep@=\dimen107
\tagshift@=\dimen108
\tagwidth@=\dimen109
\totwidth@=\dimen110
\lineht@=\dimen111
\@envbody=\toks24
\multlinegap=\skip44
\multlinetaggap=\skip45
\mathdisplay@stack=\toks25
LaTeX Info: Redefining \[ on input line 2665.
LaTeX Info: Redefining \] on input line 2666.
)
("C:\Program Files (x86)\MiKTeX 2.9\tex\latex\amsfonts\amsfonts.sty"
Package: amsfonts 2013/01/14 v3.01 Basic AMSFonts support
\symAMSa=\mathgroup4
\symAMSb=\mathgroup5
LaTeX Font Info:    Overwriting math alphabet `\mathfrak' in version `bold'
(Font)                  U/euf/m/n --> U/euf/b/n on input line 106.
)
("C:\Program Files (x86)\MiKTeX 2.9\tex\latex\amsfonts\amssymb.sty"
Package: amssymb 2013/01/14 v3.01 AMS font symbols
)
("C:\Program Files (x86)\MiKTeX 2.9\tex\latex\amscls\amsthm.sty"
Package: amsthm 2004/08/06 v2.20
\thm@style=\toks26
\thm@bodyfont=\toks27
\thm@headfont=\toks28
\thm@notefont=\toks29
\thm@headpunct=\toks30
\thm@preskip=\skip46
\thm@postskip=\skip47
\thm@headsep=\skip48
\dth@everypar=\toks31
)
("C:\Program Files (x86)\MiKTeX 2.9\tex\latex\listings\listings.sty"
("C:\Program Files (x86)\MiKTeX 2.9\tex\latex\graphics\keyval.sty"
Package: keyval 1999/03/16 v1.13 key=value parser (DPC)
\KV@toks@=\toks32
)
\lst@mode=\count103
\lst@gtempboxa=\box28
\lst@token=\toks33
\lst@length=\count104
\lst@currlwidth=\dimen112
\lst@column=\count105
\lst@pos=\count106
\lst@lostspace=\dimen113
\lst@width=\dimen114
\lst@newlines=\count107
\lst@lineno=\count108
\lst@maxwidth=\dimen115

("C:\Program Files (x86)\MiKTeX 2.9\tex\latex\listings\lstmisc.sty"
File: lstmisc.sty 2013/08/26 1.5b (Carsten Heinz)
\c@lstnumber=\count109
\lst@skipnumbers=\count110
\lst@framebox=\box29
)
("C:\Program Files (x86)\MiKTeX 2.9\tex\latex\listings\listings.cfg"
File: listings.cfg 2013/08/26 1.5b listings configuration
))
Package: listings 2013/08/26 1.5b (Carsten Heinz)

("C:\Program Files (x86)\MiKTeX 2.9\tex\latex\hyperref\hyperref.sty"
Package: hyperref 2012/11/06 v6.83m Hypertext links for LaTeX

("C:\Program Files (x86)\MiKTeX 2.9\tex\generic\oberdiek\hobsub-hyperref.sty"
Package: hobsub-hyperref 2012/04/25 v1.12 Bundle oberdiek, subset hyperref (HO)


("C:\Program Files (x86)\MiKTeX 2.9\tex\generic\oberdiek\hobsub-generic.sty"
Package: hobsub-generic 2012/04/25 v1.12 Bundle oberdiek, subset generic (HO)
Package: hobsub 2012/04/25 v1.12 Construct package bundles (HO)
Package: infwarerr 2010/04/08 v1.3 Providing info/warning/error messages (HO)
Package: ltxcmds 2011/11/09 v1.22 LaTeX kernel commands for general use (HO)
Package: ifluatex 2010/03/01 v1.3 Provides the ifluatex switch (HO)
Package ifluatex Info: LuaTeX not detected.
Package: ifvtex 2010/03/01 v1.5 Detect VTeX and its facilities (HO)
Package ifvtex Info: VTeX not detected.
Package: intcalc 2007/09/27 v1.1 Expandable calculations with integers (HO)
Package: ifpdf 2011/01/30 v2.3 Provides the ifpdf switch (HO)
Package ifpdf Info: pdfTeX in PDF mode is detected.
Package: etexcmds 2011/02/16 v1.5 Avoid name clashes with e-TeX commands (HO)
Package etexcmds Info: Could not find \expanded.
(etexcmds)             That can mean that you are not using pdfTeX 1.50 or
(etexcmds)             that some package has redefined \expanded.
(etexcmds)             In the latter case, load this package earlier.
Package: kvsetkeys 2012/04/25 v1.16 Key value parser (HO)
Package: kvdefinekeys 2011/04/07 v1.3 Define keys (HO)
Package: pdftexcmds 2011/11/29 v0.20 Utility functions of pdfTeX for LuaTeX (HO
)
Package pdftexcmds Info: LuaTeX not detected.
Package pdftexcmds Info: \pdf@primitive is available.
Package pdftexcmds Info: \pdf@ifprimitive is available.
Package pdftexcmds Info: \pdfdraftmode found.
Package: pdfescape 2011/11/25 v1.13 Implements pdfTeX's escape features (HO)
Package: bigintcalc 2012/04/08 v1.3 Expandable calculations on big integers (HO
)
Package: bitset 2011/01/30 v1.1 Handle bit-vector datatype (HO)
Package: uniquecounter 2011/01/30 v1.2 Provide unlimited unique counter (HO)
)
Package hobsub Info: Skipping package `hobsub' (already loaded).
Package: letltxmacro 2010/09/02 v1.4 Let assignment for LaTeX macros (HO)
Package: hopatch 2011/06/24 v1.1 Wrapper for package hooks (HO)
Package: xcolor-patch 2011/01/30 xcolor patch
Package: atveryend 2011/06/30 v1.8 Hooks at the very end of document (HO)
Package atveryend Info: \enddocument detected (standard20110627).
Package: atbegshi 2011/10/05 v1.16 At begin shipout hook (HO)
Package: refcount 2011/10/16 v3.4 Data extraction from label references (HO)
Package: hycolor 2011/01/30 v1.7 Color options for hyperref/bookmark (HO)
)
("C:\Program Files (x86)\MiKTeX 2.9\tex\generic\ifxetex\ifxetex.sty"
Package: ifxetex 2010/09/12 v0.6 Provides ifxetex conditional
)
("C:\Program Files (x86)\MiKTeX 2.9\tex\latex\oberdiek\auxhook.sty"
Package: auxhook 2011/03/04 v1.3 Hooks for auxiliary files (HO)
)
("C:\Program Files (x86)\MiKTeX 2.9\tex\latex\oberdiek\kvoptions.sty"
Package: kvoptions 2011/06/30 v3.11 Key value format for package options (HO)
)
\@linkdim=\dimen116
\Hy@linkcounter=\count111
\Hy@pagecounter=\count112

("C:\Program Files (x86)\MiKTeX 2.9\tex\latex\hyperref\pd1enc.def"
File: pd1enc.def 2012/11/06 v6.83m Hyperref: PDFDocEncoding definition (HO)
)
\Hy@SavedSpaceFactor=\count113

("C:\Program Files (x86)\MiKTeX 2.9\tex\latex\00miktex\hyperref.cfg"
File: hyperref.cfg 2002/06/06 v1.2 hyperref configuration of TeXLive
)
Package hyperref Info: Hyper figures OFF on input line 4443.
Package hyperref Info: Link nesting OFF on input line 4448.
Package hyperref Info: Hyper index ON on input line 4451.
Package hyperref Info: Plain pages OFF on input line 4458.
Package hyperref Info: Backreferencing OFF on input line 4463.
Package hyperref Info: Implicit mode ON; LaTeX internals redefined.
Package hyperref Info: Bookmarks ON on input line 4688.
\c@Hy@tempcnt=\count114

("C:\Program Files (x86)\MiKTeX 2.9\tex\latex\ltxmisc\url.sty"
\Urlmuskip=\muskip11
Package: url 2006/04/12  ver 3.3  Verb mode for urls, etc.
)
LaTeX Info: Redefining \url on input line 5041.
\XeTeXLinkMargin=\dimen117
\Fld@menulength=\count115
\Field@Width=\dimen118
\Fld@charsize=\dimen119
Package hyperref Info: Hyper figures OFF on input line 6295.
Package hyperref Info: Link nesting OFF on input line 6300.
Package hyperref Info: Hyper index ON on input line 6303.
Package hyperref Info: backreferencing OFF on input line 6310.
Package hyperref Info: Link coloring OFF on input line 6315.
Package hyperref Info: Link coloring with OCG OFF on input line 6320.
Package hyperref Info: PDF/A mode OFF on input line 6325.
LaTeX Info: Redefining \ref on input line 6365.
LaTeX Info: Redefining \pageref on input line 6369.
\Hy@abspage=\count116
\c@Item=\count117
\c@Hfootnote=\count118
)

Package hyperref Message: Driver (autodetected): hpdftex.

("C:\Program Files (x86)\MiKTeX 2.9\tex\latex\hyperref\hpdftex.def"
File: hpdftex.def 2012/11/06 v6.83m Hyperref driver for pdfTeX
\Fld@listcount=\count119
\c@bookmark@seq@number=\count120

("C:\Program Files (x86)\MiKTeX 2.9\tex\latex\oberdiek\rerunfilecheck.sty"
Package: rerunfilecheck 2011/04/15 v1.7 Rerun checks for auxiliary files (HO)
Package uniquecounter Info: New unique counter `rerunfilecheck' on input line 2
82.
)
\Hy@SectionHShift=\skip49
)
("C:\Program Files (x86)\MiKTeX 2.9\tex\latex\tools\tabularx.sty"
Package: tabularx 1999/01/07 v2.07 `tabularx' package (DPC)

("C:\Program Files (x86)\MiKTeX 2.9\tex\latex\tools\array.sty"
Package: array 2008/09/09 v2.4c Tabular extension package (FMi)
\col@sep=\dimen120
\extrarowheight=\dimen121
\NC@list=\toks34
\extratabsurround=\skip50
\backup@length=\skip51
)
\TX@col@width=\dimen122
\TX@old@table=\dimen123
\TX@old@col=\dimen124
\TX@target=\dimen125
\TX@delta=\dimen126
\TX@cols=\count121
\TX@ftn=\toks35
)
("C:\Program Files (x86)\MiKTeX 2.9\tex\latex\graphics\graphicx.sty"
Package: graphicx 1999/02/16 v1.0f Enhanced LaTeX Graphics (DPC,SPQR)

("C:\Program Files (x86)\MiKTeX 2.9\tex\latex\graphics\graphics.sty"
Package: graphics 2009/02/05 v1.0o Standard LaTeX Graphics (DPC,SPQR)

("C:\Program Files (x86)\MiKTeX 2.9\tex\latex\graphics\trig.sty"
Package: trig 1999/03/16 v1.09 sin cos tan (DPC)
)
("C:\Program Files (x86)\MiKTeX 2.9\tex\latex\00miktex\graphics.cfg"
File: graphics.cfg 2007/01/18 v1.5 graphics configuration of teTeX/TeXLive
)
Package graphics Info: Driver file: pdftex.def on input line 91.

("C:\Program Files (x86)\MiKTeX 2.9\tex\latex\pdftex-def\pdftex.def"
File: pdftex.def 2011/05/27 v0.06d Graphics/color for pdfTeX
\Gread@gobject=\count122
))
\Gin@req@height=\dimen127
\Gin@req@width=\dimen128
)
("C:\Program Files (x86)\MiKTeX 2.9\tex\latex\algorithmicx\algpseudocode.sty"
Package: algpseudocode 

("C:\Program Files (x86)\MiKTeX 2.9\tex\latex\base\ifthen.sty"
Package: ifthen 2001/05/26 v1.1c Standard LaTeX ifthen package (DPC)
)
("C:\Program Files (x86)\MiKTeX 2.9\tex\latex\algorithmicx\algorithmicx.sty"
Package: algorithmicx 2005/04/27 v1.2 Algorithmicx

Document Style algorithmicx 1.2 - a greatly improved `algorithmic' style
\c@ALG@line=\count123
\c@ALG@rem=\count124
\c@ALG@nested=\count125
\ALG@tlm=\skip52
\ALG@thistlm=\skip53
\c@ALG@Lnr=\count126
\c@ALG@blocknr=\count127
\c@ALG@storecount=\count128
\c@ALG@tmpcounter=\count129
\ALG@tmplength=\skip54
)
Document Style - pseudocode environments for use with the `algorithmicx' style
) ("C:\Program Files (x86)\MiKTeX 2.9\tex\latex\caption\subcaption.sty"
Package: subcaption 2013/02/03 v1.1-62 Sub-captions (AR)

("C:\Program Files (x86)\MiKTeX 2.9\tex\latex\caption\caption.sty"
Package: caption 2013/05/02 v3.3-89 Customizing captions (AR)

("C:\Program Files (x86)\MiKTeX 2.9\tex\latex\caption\caption3.sty"
Package: caption3 2013/05/02 v1.6-88 caption3 kernel (AR)
Package caption3 Info: TeX engine: e-TeX on input line 57.
\captionmargin=\dimen129
\captionmargin@=\dimen130
\captionwidth=\dimen131
\caption@tempdima=\dimen132
\caption@indent=\dimen133
\caption@parindent=\dimen134
\caption@hangindent=\dimen135
)
\c@ContinuedFloat=\count130
Package caption Info: hyperref package is loaded.
Package caption Info: listings package is loaded.
)
\c@subfigure=\count131
\c@subtable=\count132
)
("C:\Program Files (x86)\MiKTeX 2.9\tex\latex\algorithms\algorithm.sty"
Package: algorithm 2009/08/24 v0.1 Document Style `algorithm' - floating enviro
nment

("C:\Program Files (x86)\MiKTeX 2.9\tex\latex\float\float.sty"
Package: float 2001/11/08 v1.3d Float enhancements (AL)
\c@float@type=\count133
\float@exts=\toks36
\float@box=\box30
\@float@everytoks=\toks37
\@floatcapt=\box31
)
\@float@every@algorithm=\toks38
\c@algorithm=\count134
)
(C:\Users\User\Documents\KU\Attending\BachelorProjekt\Rapport\main.aux)
LaTeX Font Info:    Checking defaults for OML/cmm/m/it on input line 37.
LaTeX Font Info:    ... okay on input line 37.
LaTeX Font Info:    Checking defaults for T1/cmr/m/n on input line 37.
LaTeX Font Info:    ... okay on input line 37.
LaTeX Font Info:    Checking defaults for OT1/cmr/m/n on input line 37.
LaTeX Font Info:    ... okay on input line 37.
LaTeX Font Info:    Checking defaults for OMS/cmsy/m/n on input line 37.
LaTeX Font Info:    ... okay on input line 37.
LaTeX Font Info:    Checking defaults for OMX/cmex/m/n on input line 37.
LaTeX Font Info:    ... okay on input line 37.
LaTeX Font Info:    Checking defaults for U/cmr/m/n on input line 37.
LaTeX Font Info:    ... okay on input line 37.
LaTeX Font Info:    Checking defaults for PD1/pdf/m/n on input line 37.
LaTeX Font Info:    ... okay on input line 37.

("C:\Program Files (x86)\MiKTeX 2.9\tex\latex\ucs\ucsencs.def"
File: ucsencs.def 2011/01/21 Fixes to fontencodings LGR, T3
)
\c@lstlisting=\count135
\AtBeginShipoutBox=\box32
Package hyperref Info: Link coloring OFF on input line 37.

("C:\Program Files (x86)\MiKTeX 2.9\tex\latex\hyperref\nameref.sty"
Package: nameref 2012/10/27 v2.43 Cross-referencing by name of section

("C:\Program Files (x86)\MiKTeX 2.9\tex\generic\oberdiek\gettitlestring.sty"
Package: gettitlestring 2010/12/03 v1.4 Cleanup title references (HO)
)
\c@section@level=\count136
)
LaTeX Info: Redefining \ref on input line 37.
LaTeX Info: Redefining \pageref on input line 37.
LaTeX Info: Redefining \nameref on input line 37.

(C:\Users\User\Documents\KU\Attending\BachelorProjekt\Rapport\main.out)
(C:\Users\User\Documents\KU\Attending\BachelorProjekt\Rapport\main.out)
\@outlinefile=\write3

("C:\Program Files (x86)\MiKTeX 2.9\tex\context\base\supp-pdf.mkii"
[Loading MPS to PDF converter (version 2006.09.02).]
\scratchcounter=\count137
\scratchdimen=\dimen136
\scratchbox=\box33
\nofMPsegments=\count138
\nofMParguments=\count139
\everyMPshowfont=\toks39
\MPscratchCnt=\count140
\MPscratchDim=\dimen137
\MPnumerator=\count141
\makeMPintoPDFobject=\count142
\everyMPtoPDFconversion=\toks40
)
Package caption Info: Begin \AtBeginDocument code.
Package caption Info: float package is loaded.
Package caption Info: End \AtBeginDocument code.
LaTeX Font Info:    Try loading font information for U+msa on input line 39.
 ("C:\Program Files (x86)\MiKTeX 2.9\tex\latex\amsfonts\umsa.fd"
File: umsa.fd 2013/01/14 v3.01 AMS symbols A
)
LaTeX Font Info:    Try loading font information for U+msb on input line 39.

("C:\Program Files (x86)\MiKTeX 2.9\tex\latex\amsfonts\umsb.fd"
File: umsb.fd 2013/01/14 v3.01 AMS symbols B
) [1

{C:/Users/User/AppData/Local/MiKTeX/2.9/pdftex/config/pdftex.map}]
(C:\Users\User\Documents\KU\Attending\BachelorProjekt\Rapport\sections/Abstract
/abstract.tex
Underfull \hbox (badness 10000) in paragraph at lines 5--6

 []


Underfull \hbox (badness 10000) in paragraph at lines 7--8

 []

) [2] (C:\Users\User\Documents\KU\Attending\BachelorProjekt\Rapport\main.toc)
\tf@toc=\write4

[3]
(C:\Users\User\Documents\KU\Attending\BachelorProjekt\Rapport\sections/Introduc
tion/introduction.tex

LaTeX Warning: Citation `russell' on page 4 undefined on input line 5.


LaTeX Warning: Citation `modelClust' on page 4 undefined on input line 5.


LaTeX Warning: Citation `Edgar1' on page 4 undefined on input line 5.


Underfull \hbox (badness 10000) in paragraph at lines 5--6

 []


LaTeX Warning: Citation `Edgar1' on page 4 undefined on input line 7.


Underfull \hbox (badness 10000) in paragraph at lines 7--8

 []


Underfull \hbox (badness 10000) in paragraph at lines 9--10

 []


Underfull \hbox (badness 10000) in paragraph at lines 11--12

 []

)
(C:\Users\User\Documents\KU\Attending\BachelorProjekt\Rapport\sections/universa
lhashing/universalhashing.tex [4]
Overfull \hbox (3.75722pt too wide) in paragraph at lines 7--8
\OT1/cmr/m/n/10 Imagine a uni-verse of keys $\OML/cmm/m/it/10 U \OT1/cmr/m/n/10
 = \OMS/cmsy/m/n/10 f\OML/cmm/m/it/10 u[]; u[]; [] ; u[]\OMS/cmsy/m/n/10 g$ \OT
1/cmr/m/n/10 and a range $[\OML/cmm/m/it/10 r\OT1/cmr/m/n/10 ] = \OMS/cmsy/m/n/
10 f\OT1/cmr/m/n/10 0\OML/cmm/m/it/10 ; \OT1/cmr/m/n/10 1\OML/cmm/m/it/10 ; [] 
; m \OMS/cmsy/m/n/10  $
 []


Underfull \hbox (badness 10000) in paragraph at lines 16--17

 []


Underfull \hbox (badness 10000) in paragraph at lines 21--22

 []

[5]
Underfull \hbox (badness 10000) in paragraph at lines 42--44

 []


Underfull \hbox (badness 10000) in paragraph at lines 60--61

 []

LaTeX Font Info:    Try loading font information for OMS+cmr on input line 68.
("C:\Program Files (x86)\MiKTeX 2.9\tex\latex\base\omscmr.fd"
File: omscmr.fd 1999/05/25 v2.5h Standard LaTeX font definitions
)
LaTeX Font Info:    Font shape `OMS/cmr/m/n' in size <10> not available
(Font)              Font shape `OMS/cmsy/m/n' tried instead on input line 68.
LaTeX Font Info:    Try loading font information for OML+cmr on input line 68.

("C:\Program Files (x86)\MiKTeX 2.9\tex\latex\base\omlcmr.fd"
File: omlcmr.fd 1999/05/25 v2.5h Standard LaTeX font definitions
)
LaTeX Font Info:    Font shape `OML/cmr/m/n' in size <10> not available
(Font)              Font shape `OML/cmm/m/it' tried instead on input line 68.

("C:\Program Files (x86)\MiKTeX 2.9\tex\latex\ucs\uni-0.def"
File: uni-0.def 2013/05/13 UCS: Unicode data U+0000..U+00FF
) [6])
(C:\Users\User\Documents\KU\Attending\BachelorProjekt\Rapport\sections/Minhash/
Minhash.tex [7] [8]
Underfull \hbox (badness 10000) in paragraph at lines 89--91

 []


Overfull \hbox (20.15517pt too wide) detected at line 103
\OT1/cmr/m/n/10 (\OML/cmm/m/it/10 h[]\OT1/cmr/m/n/10 (\OML/cmm/m/it/10 A\OT1/cm
r/m/n/10 ) = \OML/cmm/m/it/10 h[]\OT1/cmr/m/n/10 (\OML/cmm/m/it/10 B\OT1/cmr/m/
n/10 )) \OMS/cmsy/m/n/10 _ \OT1/cmr/m/n/10 (\OML/cmm/m/it/10 h[]\OT1/cmr/m/n/10
 (\OML/cmm/m/it/10 A\OT1/cmr/m/n/10 ) = \OML/cmm/m/it/10 h[]\OT1/cmr/m/n/10 (\O
ML/cmm/m/it/10 B\OT1/cmr/m/n/10 )) = []
 []


Underfull \hbox (badness 10000) in paragraph at lines 105--106

 []


Underfull \hbox (badness 10000) in paragraph at lines 112--113

 []

[9])
(C:\Users\User\Documents\KU\Attending\BachelorProjekt\Rapport\sections/Tools/to
ols.tex

Package hyperref Warning: Token not allowed in a PDF string (PDFDocEncoding):
(hyperref)                removing `math shift' on input line 5.


Package hyperref Warning: Token not allowed in a PDF string (PDFDocEncoding):
(hyperref)                removing `math shift' on input line 5.


Package hyperref Warning: Token not allowed in a PDF string (PDFDocEncoding):
(hyperref)                removing `math shift' on input line 11.


Package hyperref Warning: Token not allowed in a PDF string (PDFDocEncoding):
(hyperref)                removing `math shift' on input line 11.

<sections/Tools/fig/kmertransformed.png, id=315, 273.27094pt x 122.70844pt>
File: sections/Tools/fig/kmertransformed.png Graphic file (type png)

<use sections/Tools/fig/kmertransformed.png>
Package pdftex.def Info: sections/Tools/fig/kmertransformed.png used on input l
ine 16.
(pdftex.def)             Requested size: 109.30643pt x 49.08249pt.
 [10 <C:/Users/User/Documents/KU/Attending/BachelorProjekt/Rapport/sections/Too
ls/fig/kmertransformed.png>])
(C:\Users\User\Documents\KU\Attending\BachelorProjekt\Rapport\sections/HashTest
ing/HashTesting.tex
Underfull \hbox (badness 10000) in paragraph at lines 6--7

 []


LaTeX Warning: Reference `ref:kmertrans' on page 11 undefined on input line 8.


Underfull \hbox (badness 10000) in paragraph at lines 8--9

 []

[11]
! Missing number, treated as zero.
<to be read again> 
                   |
l.11 ...n{tabularx}{| l | l | l | l | l | l | l |}
                                                  
A number should have been here; I inserted `0'.
(If you can't figure out why I needed to see a number,
look up `weird error' in the index to The TeXbook.)

! Illegal unit of measure (pt inserted).
<to be read again> 
                   |
l.11 ...n{tabularx}{| l | l | l | l | l | l | l |}
                                                  
Dimensions can be in units of em, ex, in, pt, pc,
cm, mm, dd, cc, nd, nc, bp, or sp; but yours is a new one!
I'll assume that you meant to say pt, for printer's points.
To recover gracefully from this error, it's best to
delete the erroneous units; e.g., type `2' to delete
two letters. (See Chapter 27 of The TeXbook.)

)
Runaway argument?
 \par 
! File ended while scanning use of \TX@get@body.
<inserted text> 
                \par 
l.48 \subfile{sections/HashTesting/HashTesting}
                                               
I suspect you have forgotten a `}', causing me
to read past where you wanted me to stop.
I'll try to recover; but if the error is serious,
you'd better type `E' or `X' now and fix your file.

! Missing } inserted.
<inserted text> 
                }
l.48 \subfile{sections/HashTesting/HashTesting}
                                               
I've inserted something that you may have forgotten.
(See the <inserted text> above.)
With luck, this will get me unwedged. But if you
really didn't forget anything, try typing `2' now; then
my insertion and my current dilemma will both disappear.


(C:\Users\User\Documents\KU\Attending\BachelorProjekt\Rapport\sections/Implemen
tation/Implementation.tex

LaTeX Warning: Reference `sec:kmertrans' on page 12 undefined on input line 17.



! LaTeX Error: Not in outer par mode.

See the LaTeX manual or LaTeX Companion for explanation.
Type  H <return>  for immediate help.
 ...                                              
                                                  
l.20 \caption
             {Transforms sequence $s$ into its $k$-mer transformation}\label...

You've lost some text.  Try typing  <return>  to proceed.
If that doesn't work, type  X <return>  to quit.

Package hyperref Info: bookmark level for unknown algorithm defaults to 0 on in
put line 20.

Underfull \hbox (badness 10000) in paragraph at lines 46--48

 []


! LaTeX Error: Not in outer par mode.

See the LaTeX manual or LaTeX Companion for explanation.
Type  H <return>  for immediate help.
 ...                                              
                                                  
l.52 \caption
             {Uses transformed $k$-mer to find {\bf MM} of a sequence}\label...

You've lost some text.  Try typing  <return>  to proceed.
If that doesn't work, type  X <return>  to quit.


! LaTeX Error: Not in outer par mode.

See the LaTeX manual or LaTeX Companion for explanation.
Type  H <return>  for immediate help.
 ...                                              
                                                  
l.80 \caption
             {Uses transformed $k$-mer to find {\bf MM½} of a sequence}\lab...

You've lost some text.  Try typing  <return>  to proceed.
If that doesn't work, type  X <return>  to quit.


Underfull \hbox (badness 10000) in paragraph at lines 107--108

 []


Underfull \hbox (badness 10000) in paragraph at lines 109--110

 []


Underfull \hbox (badness 10000) in paragraph at lines 111--112

 []


Underfull \hbox (badness 10000) in paragraph at lines 113--114

 []


Underfull \hbox (badness 10000) in paragraph at lines 117--122

 []


! LaTeX Error: Not in outer par mode.

See the LaTeX manual or LaTeX Companion for explanation.
Type  H <return>  for immediate help.
 ...                                              
                                                  
l.167 \caption
              {Greedy Clustering using {\bf MM½}}\label{alg:minmaxhalfclust}
You've lost some text.  Try typing  <return>  to proceed.
If that doesn't work, type  X <return>  to quit.


! LaTeX Error: Not in outer par mode.

See the LaTeX manual or LaTeX Companion for explanation.
Type  H <return>  for immediate help.
 ...                                              
                                                  
l.209 \begin{figure}[h]
                       
You've lost some text.  Try typing  <return>  to proceed.
If that doesn't work, type  X <return>  to quit.


<sections/Implementation/data/MapReduce.png, id=352, 651.18282pt x 233.37187pt>
File: sections/Implementation/data/MapReduce.png Graphic file (type png)
<use sections/Implementation/data/MapReduce.png>
Package pdftex.def Info: sections/Implementation/data/MapReduce.png used on inp
ut line 211.
(pdftex.def)             Requested size: 325.5906pt x 116.68564pt.

Underfull \hbox (badness 10000) in paragraph at lines 215--216

 []


Underfull \hbox (badness 10000) in paragraph at lines 217--218

 []


Underfull \hbox (badness 10000) in paragraph at lines 219--220

 []


Underfull \hbox (badness 2970) in paragraph at lines 229--230
[]\OT1/cmr/m/n/10 con-verted = FORE-ACH se-quences GEN-ER-ATE Se-quence-To-Byte
Ar-
 []


Underfull \hbox (badness 2556) in paragraph at lines 232--233
[]\OT1/cmr/m/n/10 min-max-val-ues = FORE-ACH kmers GEN-ER-ATE FLAT-TEN (Com-
 []


Underfull \hbox (badness 10000) in paragraph at lines 241--242

 []


Underfull \hbox (badness 10000) in paragraph at lines 243--244

 []


Underfull \hbox (badness 10000) in paragraph at lines 245--246

 []


Underfull \hbox (badness 10000) in paragraph at lines 247--248

 []


Underfull \hbox (badness 10000) in paragraph at lines 249--250

 []


Underfull \hbox (badness 10000) in paragraph at lines 251--252

 []


Overfull \hbox (489.00848pt too wide) in paragraph at lines 271--272
[][][][][][][][][][][][][][][][][][][][][][][][][][][][][][][][][][][][][][][][
][][][][][][][][][][][][][][] 
 []


Overfull \hbox (225.0058pt too wide) in paragraph at lines 277--278
[][][][][][][][][][][][][][][][][][][][][][][][][][][][][][][][][][][][] 
 []


Overfull \hbox (225.0058pt too wide) in paragraph at lines 278--279
[][][][][][][][][][][][][][][][][][][][][][][][][][][][][][][][][][][][] 
 []


Underfull \hbox (badness 10000) in paragraph at lines 281--282

 []

)
(C:\Users\User\Documents\KU\Attending\BachelorProjekt\Rapport\sections/TestData
/TestData.tex)
(C:\Users\User\Documents\KU\Attending\BachelorProjekt\Rapport\sections/Experime
nts/experiments.tex
Underfull \hbox (badness 10000) in paragraph at lines 5--6

 []


Underfull \hbox (badness 10000) in paragraph at lines 13--14

 []


LaTeX Warning: Reference `sec:levenshtein' on page 12 undefined on input line 1
5.


LaTeX Warning: Reference `fig:wideC' on page 12 undefined on input line 27.


<sections/Experiments/precision/minmax/cecum1wide.jpg, id=368, 401.5pt x 401.5p
t>
File: sections/Experiments/precision/minmax/cecum1wide.jpg Graphic file (type j
pg)
 <use sections/Experiments/precision/minmax/cecum1wide.jpg>
Package pdftex.def Info: sections/Experiments/precision/minmax/cecum1wide.jpg u
sed on input line 30.
(pdftex.def)             Requested size: 200.7495pt x 200.7495pt.

Underfull \hbox (badness 10000) in paragraph at lines 40--41

 []


Underfull \hbox (badness 10000) in paragraph at lines 44--45

 []


Underfull \hbox (badness 10000) in paragraph at lines 46--47

 []


<sections/Experiments/precision/minmax/cecum1precise.jpg, id=374, 401.5pt x 401
.5pt>
File: sections/Experiments/precision/minmax/cecum1precise.jpg Graphic file (typ
e jpg)
 <use sections/Experiments/precision/minmax/cecum1precise.jpg>
Package pdftex.def Info: sections/Experiments/precision/minmax/cecum1precise.jp
g used on input line 50.
(pdftex.def)             Requested size: 172.5pt x 172.50072pt.

<sections/Experiments/precision/minmax/cecum2precise.jpg, id=375, 401.5pt x 401
.5pt>
File: sections/Experiments/precision/minmax/cecum2precise.jpg Graphic file (typ
e jpg)
 <use sections/Experiments/precision/minmax/cecum2precise.jpg>
Package pdftex.def Info: sections/Experiments/precision/minmax/cecum2precise.jp
g used on input line 54.
(pdftex.def)             Requested size: 172.5pt x 172.50072pt.

<sections/Experiments/precision/minmax/cecum3precise.jpg, id=376, 401.5pt x 401
.5pt>
File: sections/Experiments/precision/minmax/cecum3precise.jpg Graphic file (typ
e jpg)
 <use sections/Experiments/precision/minmax/cecum3precise.jpg>
Package pdftex.def Info: sections/Experiments/precision/minmax/cecum3precise.jp
g used on input line 58.
(pdftex.def)             Requested size: 172.5pt x 172.50072pt.

<sections/Experiments/precision/minmax/cecum4precise.jpg, id=377, 401.5pt x 401
.5pt>
File: sections/Experiments/precision/minmax/cecum4precise.jpg Graphic file (typ
e jpg)
 <use sections/Experiments/precision/minmax/cecum4precise.jpg>
Package pdftex.def Info: sections/Experiments/precision/minmax/cecum4precise.jp
g used on input line 62.
(pdftex.def)             Requested size: 172.5pt x 172.50072pt.

<sections/Experiments/precision/minmax/cecum5precise.jpg, id=378, 401.5pt x 401
.5pt>
File: sections/Experiments/precision/minmax/cecum5precise.jpg Graphic file (typ
e jpg)
 <use sections/Experiments/precision/minmax/cecum5precise.jpg>
Package pdftex.def Info: sections/Experiments/precision/minmax/cecum5precise.jp
g used on input line 66.
(pdftex.def)             Requested size: 172.5pt x 172.50072pt.

Overfull \hbox (2.22221pt too wide) in paragraph at lines 49--69
[][] []
 []


Overfull \hbox (2.22221pt too wide) in paragraph at lines 49--69
[] []
 []


<sections/Experiments/precision/minmax/k5cecum.jpg, id=379, 401.5pt x 401.5pt>
File: sections/Experiments/precision/minmax/k5cecum.jpg Graphic file (type jpg)


<use sections/Experiments/precision/minmax/k5cecum.jpg>
Package pdftex.def Info: sections/Experiments/precision/minmax/k5cecum.jpg used
 on input line 74.
(pdftex.def)             Requested size: 172.5pt x 172.50072pt.

<sections/Experiments/precision/minmax/k6cecum.jpg, id=380, 401.5pt x 401.5pt>
File: sections/Experiments/precision/minmax/k6cecum.jpg Graphic file (type jpg)


<use sections/Experiments/precision/minmax/k6cecum.jpg>
Package pdftex.def Info: sections/Experiments/precision/minmax/k6cecum.jpg used
 on input line 78.
(pdftex.def)             Requested size: 172.5pt x 172.50072pt.

<sections/Experiments/precision/minmax/k10cecum.jpg, id=381, 401.5pt x 401.5pt>
File: sections/Experiments/precision/minmax/k10cecum.jpg Graphic file (type jpg
)
<use sections/Experiments/precision/minmax/k10cecum.jpg>
Package pdftex.def Info: sections/Experiments/precision/minmax/k10cecum.jpg use
d on input line 82.
(pdftex.def)             Requested size: 172.5pt x 172.50072pt.

<sections/Experiments/precision/minmax/k11cecum.jpg, id=382, 401.5pt x 401.5pt>
File: sections/Experiments/precision/minmax/k11cecum.jpg Graphic file (type jpg
)
<use sections/Experiments/precision/minmax/k11cecum.jpg>
Package pdftex.def Info: sections/Experiments/precision/minmax/k11cecum.jpg use
d on input line 86.
(pdftex.def)             Requested size: 172.5pt x 172.50072pt.
File: sections/Experiments/precision/minmax/k11cecum.jpg Graphic file (type jpg
)

<use sections/Experiments/precision/minmax/k11cecum.jpg>
Package pdftex.def Info: sections/Experiments/precision/minmax/k11cecum.jpg use
d on input line 90.
(pdftex.def)             Requested size: 172.5pt x 172.50072pt.

Overfull \hbox (2.22221pt too wide) in paragraph at lines 73--93
[][] []
 []


Overfull \hbox (2.22221pt too wide) in paragraph at lines 73--93
[] []
 []


LaTeX Warning: Reference `maxmin' on page 12 undefined on input line 99.


<sections/Experiments/precision/minmaxhalf/cecum1wide.jpg, id=385, 401.5pt x 40
1.5pt>
File: sections/Experiments/precision/minmaxhalf/cecum1wide.jpg Graphic file (ty
pe jpg)
 <use sections/Experiments/precision/minmaxhalf/cecum1wide.jpg>
Package pdftex.def Info: sections/Experiments/precision/minmaxhalf/cecum1wide.j
pg used on input line 101.
(pdftex.def)             Requested size: 200.7495pt x 200.7495pt.

Underfull \hbox (badness 10000) in paragraph at lines 105--106

 []


Underfull \hbox (badness 10000) in paragraph at lines 107--108

 []


Underfull \hbox (badness 10000) in paragraph at lines 109--110

 []


<sections/Experiments/precision/minmaxhalf/cecum1precise.jpg, id=393, 401.5pt x
 401.5pt>
File: sections/Experiments/precision/minmaxhalf/cecum1precise.jpg Graphic file 
(type jpg)
 <use sections/Experiments/precision/minmaxhalf/cecum1precise.jpg>
Package pdftex.def Info: sections/Experiments/precision/minmaxhalf/cecum1precis
e.jpg used on input line 114.
(pdftex.def)             Requested size: 172.5pt x 172.50072pt.

<sections/Experiments/precision/minmaxhalf/cecum2precise.jpg, id=394, 401.5pt x
 401.5pt>
File: sections/Experiments/precision/minmaxhalf/cecum2precise.jpg Graphic file 
(type jpg)
 <use sections/Experiments/precision/minmaxhalf/cecum2precise.jpg>
Package pdftex.def Info: sections/Experiments/precision/minmaxhalf/cecum2precis
e.jpg used on input line 118.
(pdftex.def)             Requested size: 172.5pt x 172.50072pt.

<sections/Experiments/precision/minmaxhalf/cecum3precise.jpg, id=395, 401.5pt x
 401.5pt>
File: sections/Experiments/precision/minmaxhalf/cecum3precise.jpg Graphic file 
(type jpg)
 <use sections/Experiments/precision/minmaxhalf/cecum3precise.jpg>
Package pdftex.def Info: sections/Experiments/precision/minmaxhalf/cecum3precis
e.jpg used on input line 122.
(pdftex.def)             Requested size: 172.5pt x 172.50072pt.

<sections/Experiments/precision/minmaxhalf/cecum4precise.jpg, id=396, 401.5pt x
 401.5pt>
File: sections/Experiments/precision/minmaxhalf/cecum4precise.jpg Graphic file 
(type jpg)
 <use sections/Experiments/precision/minmaxhalf/cecum4precise.jpg>
Package pdftex.def Info: sections/Experiments/precision/minmaxhalf/cecum4precis
e.jpg used on input line 126.
(pdftex.def)             Requested size: 172.5pt x 172.50072pt.

<sections/Experiments/precision/minmaxhalf/cecum5precise.jpg, id=397, 401.5pt x
 401.5pt>
File: sections/Experiments/precision/minmaxhalf/cecum5precise.jpg Graphic file 
(type jpg)
 <use sections/Experiments/precision/minmaxhalf/cecum5precise.jpg>
Package pdftex.def Info: sections/Experiments/precision/minmaxhalf/cecum5precis
e.jpg used on input line 130.
(pdftex.def)             Requested size: 172.5pt x 172.50072pt.

Overfull \hbox (2.22221pt too wide) in paragraph at lines 113--133
[][] []
 []


Overfull \hbox (2.22221pt too wide) in paragraph at lines 113--133
[] []
 []


<sections/Experiments/precision/minmaxhalf/k5cecum.jpg, id=398, 401.5pt x 401.5
pt>
File: sections/Experiments/precision/minmaxhalf/k5cecum.jpg Graphic file (type 
jpg)
 <use sections/Experiments/precision/minmaxhalf/k5cecum.jpg>
Package pdftex.def Info: sections/Experiments/precision/minmaxhalf/k5cecum.jpg 
used on input line 139.
(pdftex.def)             Requested size: 172.5pt x 172.50072pt.

<sections/Experiments/precision/minmaxhalf/k8cecum.jpg, id=399, 401.5pt x 401.5
pt>
File: sections/Experiments/precision/minmaxhalf/k8cecum.jpg Graphic file (type 
jpg)
 <use sections/Experiments/precision/minmaxhalf/k8cecum.jpg>
Package pdftex.def Info: sections/Experiments/precision/minmaxhalf/k8cecum.jpg 
used on input line 143.
(pdftex.def)             Requested size: 172.5pt x 172.50072pt.

<sections/Experiments/precision/minmaxhalf/k12cecum.jpg, id=400, 401.5pt x 401.
5pt>
File: sections/Experiments/precision/minmaxhalf/k12cecum.jpg Graphic file (type
 jpg)
 <use sections/Experiments/precision/minmaxhalf/k12cecum.jpg>
Package pdftex.def Info: sections/Experiments/precision/minmaxhalf/k12cecum.jpg
 used on input line 147.
(pdftex.def)             Requested size: 172.5pt x 172.50072pt.

Overfull \hbox (2.22221pt too wide) in paragraph at lines 138--150
[][] []
 []


Underfull \hbox (badness 10000) in paragraph at lines 155--156

 []


Underfull \hbox (badness 10000) in paragraph at lines 157--158

 []


Underfull \hbox (badness 10000) in paragraph at lines 163--164

 []


Underfull \hbox (badness 10000) in paragraph at lines 165--166

 []


Underfull \hbox (badness 10000) in paragraph at lines 167--168

 []


Underfull \hbox (badness 10000) in paragraph at lines 169--170

 []


Underfull \hbox (badness 10000) in paragraph at lines 171--172

 []


Underfull \hbox (badness 10000) in paragraph at lines 173--174

 []

)
(C:\Users\User\Documents\KU\Attending\BachelorProjekt\Rapport\sections/Conclusi
on/conclusion.tex
Underfull \hbox (badness 10000) in paragraph at lines 5--6

 []


Underfull \hbox (badness 10000) in paragraph at lines 7--8

 []


Underfull \hbox (badness 10000) in paragraph at lines 9--10

 []


Underfull \hbox (badness 10000) in paragraph at lines 11--12

 []

) (C:\Users\User\Documents\KU\Attending\BachelorProjekt\Rapport\main.bbl)

! LaTeX Error: \begin{table} on input line 10 ended by \end{document}.

See the LaTeX manual or LaTeX Companion for explanation.
Type  H <return>  for immediate help.
 ...                                              
                                                  
l.60 \end{document}
                   
Your command was ignored.
Type  I <command> <return>  to replace it with another command,
or  <return>  to continue without it.

! Missing } inserted.
<inserted text> 
                }
l.60 \end{document}
                   
I've inserted something that you may have forgotten.
(See the <inserted text> above.)
With luck, this will get me unwedged. But if you
really didn't forget anything, try typing `2' now; then
my insertion and my current dilemma will both disappear.

)
! Emergency stop.
<*> main.tex
            
*** (job aborted, no legal \end found)

 
Here is how much of TeX's memory you used:
 10533 strings out of 493921
 158912 string characters out of 3144878
 341231 words of memory out of 3000000
 13526 multiletter control sequences out of 15000+200000
 14192 words of font info for 55 fonts, out of 3000000 for 9000
 841 hyphenation exceptions out of 8191
 42i,16n,40p,1034b,1309s stack positions out of 5000i,500n,10000p,200000b,50000s
!  ==> Fatal error occurred, no output PDF file produced!
