This is pdfTeX, Version 3.1415926-2.4-1.40.13 (MiKTeX 2.9) (preloaded format=pdftex 2015.3.18)  25 MAR 2015 14:46
entering extended mode
**C:/Users/User/Documents/KU/Attending/BachelorProjekt/Rapport/bibliography/myl
ib.bib

(C:/Users/User/Documents/KU/Attending/BachelorProjekt/Rapport/bibliography/myli
b.bib
Overfull \hbox (18.05164pt too wide) in paragraph at lines 1--12
\tenrm databases;q-gram ap-proach;string prox-im-ity graph;text min-ing;textual
 databases;Application soft-ware;Clustering|

\hbox(6.94444+1.94444)x469.75499, glue set - 1.0
.\tenrm d
.\tenrm a
.\tenrm t
.\tenrm a
.\tenrm b
.etc.


Overfull \hbox (56.82942pt too wide) in paragraph at lines 1--12
\tenrm meth-ods;Computer sci-ence;Databases;Detection al-go-rithms;Expert sys-t
ems;Robustness;Smoothing meth-ods;Tagging;Text|

\hbox(6.94444+1.94444)x469.75499, glue set - 1.0
.\tenrm m
.\tenrm e
.\tenrm t
.\tenrm h
.\discretionary
..\tenrm -
.etc.


Overfull \hbox (20.82936pt too wide) in paragraph at lines 13--20
\tenrm ments of Sta-tis-ti-cal Learn-ing: Datamin-ing, In-fer-ence, and Pre-dic
-tion, EDI-TION=Second, PUB-LISHER=Springer|

\hbox(6.94444+1.94444)x469.75499, glue set - 1.0
.\tenrm m
.\tenrm e
.\tenrm n
.\kern-0.27779
.\tenrm t
.etc.


Overfull \hbox (1.74622pt too wide) in paragraph at lines 29--39
\tenrm http://bioinformatics.oxfordjournals.org/content/early/2013/11/04/bioinf
ormatics.btt632.abstract, eprint =|

\hbox(7.5+2.5)x469.75499, glue set - 1.0
.\tenrm h
.\kern-0.27779
.\tenrm t
.\tenrm t
.\tenrm p
.etc.


Overfull \hbox (10.55188pt too wide) in paragraph at lines 29--39
\tenrm http://bioinformatics.oxfordjournals.org/content/early/2013/11/04/bioinf
ormatics.btt632.full.pdf+html, jour-|

\hbox(7.5+2.5)x469.75499, glue set - 1.0
.\tenrm h
.\kern-0.27779
.\tenrm t
.\tenrm t
.\tenrm p
.etc.

Missing character: There is no â in font cmr10!
Missing character: There is no ˆ in font cmr10!
Missing character: There is no ¼ in font cmr10!
Missing character: There is no â in font cmr10!
Missing character: There is no ˆ in font cmr10!
Missing character: There is no ¼ in font cmr10!
[1{C:/Users/User/AppData/Local/MiKTeX/2.9/pdftex/config/pdftex.map}]
Overfull \hbox (305.19037pt too wide) in paragraph at lines 76--86
\tenrm URL = http://bib.oxfordjournals.org/content/early/2012/07/06/bib.bbs035.
abstract, eprint = http://bib.oxfordjournals.org/content/early/2012/07/06/bib.b
bs035.full.pdf+html,|

\hbox(7.5+2.5)x469.75499, glue set - 1.0
.\tenrm U
.\tenrm R
.\tenrm L
.\glue 3.33333 plus 1.66498 minus 1.11221
.\tenrm =
.etc.


Overfull \hbox (235.43999pt too wide) in paragraph at lines 98--101
[]\tenrm URL = http://www.worldscientific.com/doi/abs/10.1142/S0219720013400015
, eprint = http://www.worldscientific.com/doi/pdf/10.1142/S0219720013400015|

\hbox(7.5+2.5)x469.75499, glue set - 1.0
.\hbox(0.0+0.0)x20.0
.\tenrm U
.\tenrm R
.\tenrm L
.\glue 3.33333 plus 1.66498 minus 1.11221
.etc.


Underfull \hbox (badness 10000) in paragraph at lines 98--101


\hbox(0.0+0.0)x469.75499
.\glue(\rightskip) 0.0


Overfull \hbox (44.71835pt too wide) in paragraph at lines 102--111
\tenrm proach;pairwise se-quence sim-i-lar-ity;Algorithm de-sign and anal-y-sis
;Approximation al-go-rithms;Bioinformatics;Clustering|

\hbox(6.94444+1.94444)x469.75499, glue set - 1.0
.\tenrm p
.\tenrm r
.\tenrm o
.\tenrm a
.\tenrm c
.etc.

Missing character: There is no â in font cmr10!
Missing character: There is no € in font cmr10!
Missing character: There is no “ in font cmr10!
Missing character: There is no â in font cmr10!
Missing character: There is no € in font cmr10!
Missing character: There is no “ in font cmr10!
Missing character: There is no â in font cmr10!
Missing character: There is no € in font cmr10!
Missing character: There is no “ in font cmr10!
Missing character: There is no â in font cmr10!
Missing character: There is no € in font cmr10!
Missing character: There is no “ in font cmr10!
Missing character: There is no â in font cmr10!
Missing character: There is no € in font cmr10!
Missing character: There is no “ in font cmr10!

Overfull \hbox (60.88406pt too wide) in paragraph at lines 112--125
\tenrm watermanContact:farrar.michael@gmail.com, URL = http://bioinformatics.ox
fordjournals.org/content/23/2/156.abstract,|

\hbox(7.5+2.5)x469.75499, glue set - 1.0
.\tenrm w
.\kern-0.27779
.\tenrm a
.\tenrm t
.\tenrm e
.etc.

[2]
Overfull \hbox (2.19876pt too wide) in paragraph at lines 135--149
\tenrm VOL-UME = 12, YEAR = 2011, NUM-BER = 1, PAGES = 271, URL = http://www.bi
omedcentral.com/1471-|

\hbox(7.5+2.5)x469.75499, glue set - 1.0
.\tenrm V
.\kern-0.27779
.\tenrm O
.\tenrm L
.\discretionary
..\tenrm -
.etc.


Underfull \vbox (badness 1215) has occurred while \output is active
\vbox(643.20255+1.94444)x469.75499, glue set 2.30064
.\glue(\topskip) 3.32141
.\hbox(6.67859+0.0)x469.75499, glue set 455.255fil
..\tenrm i
..\tenrm c
..\tenrm s
..\glue 3.33333 plus 1.66666 minus 1.11111
..\penalty 10000
..etc.
.\glue(\parskip) 0.0 plus 1.0
.\glue(\baselineskip) 5.05556
.\hbox(6.94444+1.94444)x469.75499, glue set 0.16756
..\hbox(0.0+0.0)x20.0
..\tenrm @
..\tenrm A
..\tenrm R
..\kern-0.83334
..etc.
.etc.

 [3]
Overfull \hbox (24.71823pt too wide) in paragraph at lines 197--207
\tenrm error;min-max hash estimator;min-max hash method;min-wise hash;pairwise 
Jac-card sim-i-lar-ity es-ti-ma-tion;pairwise|

\hbox(6.94444+1.94444)x469.75499, glue set - 1.0
.\tenrm e
.\tenrm r
.\tenrm r
.\tenrm o
.\tenrm r
.etc.


Overfull \hbox (6.77388pt too wide) in paragraph at lines 197--207
\tenrm equal-ity check-ing;scalable sim-i-lar-ity search;Approximation al-go-ri
thms;Approximation meth-ods;Computational|

\hbox(6.94444+1.94444)x469.75499, glue set - 1.0
.\tenrm e
.\tenrm q
.\tenrm u
.\tenrm a
.\tenrm l
.etc.


Overfull \hbox (19.82942pt too wide) in paragraph at lines 197--207
\tenrm ity;approximate near-est neigh-bor search;min-max hash;min-wise hash, do
i=10.1109/ICDM.2013.119, ISSN=1550-|

\hbox(7.5+2.5)x469.75499, glue set - 1.0
.\tenrm i
.\tenrm t
.\kern-0.27779
.\tenrm y
.\tenrm ;
.etc.

Missing character: There is no Ã in font cmr10!
Missing character: There is no ¸ in font cmr10!
)
*
! Emergency stop.
<*> ...helorProjekt/Rapport/bibliography/mylib.bib
                                                  
End of file on the terminal!

!  ==> Fatal error occurred, no output PDF file produced!
