This is pdfTeX, Version 3.1415926-2.4-1.40.13 (MiKTeX 2.9) (preloaded format=pdflatex 2013.12.12)  6 JUN 2015 19:21
entering extended mode
**experiments.tex

(C:\Users\User\Documents\KU\Attending\BachelorProjekt\Rapport\sections\Experime
nts\experiments.tex
LaTeX2e <2011/06/27>
Babel <v3.8m> and hyphenation patterns for english, afrikaans, ancientgreek, ar
abic, armenian, assamese, basque, bengali, bokmal, bulgarian, catalan, coptic, 
croatian, czech, danish, dutch, esperanto, estonian, farsi, finnish, french, ga
lician, german, german-x-2012-05-30, greek, gujarati, hindi, hungarian, iceland
ic, indonesian, interlingua, irish, italian, kannada, kurmanji, latin, latvian,
 lithuanian, malayalam, marathi, mongolian, mongolianlmc, monogreek, ngerman, n
german-x-2012-05-30, nynorsk, oriya, panjabi, pinyin, polish, portuguese, roman
ian, russian, sanskrit, serbian, slovak, slovenian, spanish, swedish, swissgerm
an, tamil, telugu, turkish, turkmen, ukenglish, ukrainian, uppersorbian, usengl
ishmax, welsh, loaded.
("C:\Program Files (x86)\MiKTeX 2.9\tex\latex\subfiles\subfiles.cls"
Document Class: subfiles 2012/05/23 Federico Garcia
("C:\Program Files (x86)\MiKTeX 2.9\tex\latex\tools\verbatim.sty"
Package: verbatim 2003/08/22 v1.5q LaTeX2e package for verbatim enhancements
\every@verbatim=\toks14
\verbatim@line=\toks15
\verbatim@in@stream=\read1
)
Preamble taken from file `../../main.tex'
(C:\Users\User\Documents\KU\Attending\BachelorProjekt\Rapport\main.tex
("C:\Program Files (x86)\MiKTeX 2.9\tex\latex\base\article.cls"
Document Class: article 2007/10/19 v1.4h Standard LaTeX document class
("C:\Program Files (x86)\MiKTeX 2.9\tex\latex\base\size10.clo"
File: size10.clo 2007/10/19 v1.4h Standard LaTeX file (size option)
)
\c@part=\count79
\c@section=\count80
\c@subsection=\count81
\c@subsubsection=\count82
\c@paragraph=\count83
\c@subparagraph=\count84
\c@figure=\count85
\c@table=\count86
\abovecaptionskip=\skip41
\belowcaptionskip=\skip42
\bibindent=\dimen102
)
("C:\Program Files (x86)\MiKTeX 2.9\tex\latex\base\inputenc.sty"
Package: inputenc 2008/03/30 v1.1d Input encoding file
\inpenc@prehook=\toks16
\inpenc@posthook=\toks17

("C:\Program Files (x86)\MiKTeX 2.9\tex\latex\ucs\utf8x.def"
File: utf8x.def 2004/10/17 UCS: Input encoding UTF-8
))
("C:\Program Files (x86)\MiKTeX 2.9\tex\latex\ucs\ucs.sty"
Package: ucs 2013/05/11 v2.2 UCS: Unicode input support

("C:\Program Files (x86)\MiKTeX 2.9\tex\latex\ucs\uni-global.def"
File: uni-global.def 2013/05/13 UCS: Unicode global data
)
\uc@secondtry=\count87
\uc@combtoks=\toks18
\uc@combtoksb=\toks19
\uc@temptokena=\toks20
)
("C:\Program Files (x86)\MiKTeX 2.9\tex\latex\subfiles\subfiles.sty"
Package: subfiles 2012/05/23 Federico Garcia
)
("C:\Program Files (x86)\MiKTeX 2.9\tex\latex\appendix\appendix.sty"
Package: appendix 2009/09/02 v1.2b extra appendix facilities
\c@@pps=\count88
\c@@ppsavesec=\count89
\c@@ppsaveapp=\count90
)
("C:\Program Files (x86)\MiKTeX 2.9\tex\latex\amsmath\amsmath.sty"
Package: amsmath 2013/01/14 v2.14 AMS math features
\@mathmargin=\skip43

For additional information on amsmath, use the `?' option.
("C:\Program Files (x86)\MiKTeX 2.9\tex\latex\amsmath\amstext.sty"
Package: amstext 2000/06/29 v2.01

("C:\Program Files (x86)\MiKTeX 2.9\tex\latex\amsmath\amsgen.sty"
File: amsgen.sty 1999/11/30 v2.0
\@emptytoks=\toks21
\ex@=\dimen103
))
("C:\Program Files (x86)\MiKTeX 2.9\tex\latex\amsmath\amsbsy.sty"
Package: amsbsy 1999/11/29 v1.2d
\pmbraise@=\dimen104
)
("C:\Program Files (x86)\MiKTeX 2.9\tex\latex\amsmath\amsopn.sty"
Package: amsopn 1999/12/14 v2.01 operator names
)
\inf@bad=\count91
LaTeX Info: Redefining \frac on input line 210.
\uproot@=\count92
\leftroot@=\count93
LaTeX Info: Redefining \overline on input line 306.
\classnum@=\count94
\DOTSCASE@=\count95
LaTeX Info: Redefining \ldots on input line 378.
LaTeX Info: Redefining \dots on input line 381.
LaTeX Info: Redefining \cdots on input line 466.
\Mathstrutbox@=\box26
\strutbox@=\box27
\big@size=\dimen105
LaTeX Font Info:    Redeclaring font encoding OML on input line 566.
LaTeX Font Info:    Redeclaring font encoding OMS on input line 567.
\macc@depth=\count96
\c@MaxMatrixCols=\count97
\dotsspace@=\muskip10
\c@parentequation=\count98
\dspbrk@lvl=\count99
\tag@help=\toks22
\row@=\count100
\column@=\count101
\maxfields@=\count102
\andhelp@=\toks23
\eqnshift@=\dimen106
\alignsep@=\dimen107
\tagshift@=\dimen108
\tagwidth@=\dimen109
\totwidth@=\dimen110
\lineht@=\dimen111
\@envbody=\toks24
\multlinegap=\skip44
\multlinetaggap=\skip45
\mathdisplay@stack=\toks25
LaTeX Info: Redefining \[ on input line 2665.
LaTeX Info: Redefining \] on input line 2666.
)
("C:\Program Files (x86)\MiKTeX 2.9\tex\latex\amsfonts\amsfonts.sty"
Package: amsfonts 2013/01/14 v3.01 Basic AMSFonts support
\symAMSa=\mathgroup4
\symAMSb=\mathgroup5
LaTeX Font Info:    Overwriting math alphabet `\mathfrak' in version `bold'
(Font)                  U/euf/m/n --> U/euf/b/n on input line 106.
)
("C:\Program Files (x86)\MiKTeX 2.9\tex\latex\amsfonts\amssymb.sty"
Package: amssymb 2013/01/14 v3.01 AMS font symbols
)
("C:\Program Files (x86)\MiKTeX 2.9\tex\latex\amscls\amsthm.sty"
Package: amsthm 2004/08/06 v2.20
\thm@style=\toks26
\thm@bodyfont=\toks27
\thm@headfont=\toks28
\thm@notefont=\toks29
\thm@headpunct=\toks30
\thm@preskip=\skip46
\thm@postskip=\skip47
\thm@headsep=\skip48
\dth@everypar=\toks31
)
("C:\Program Files (x86)\MiKTeX 2.9\tex\latex\listings\listings.sty"
("C:\Program Files (x86)\MiKTeX 2.9\tex\latex\graphics\keyval.sty"
Package: keyval 1999/03/16 v1.13 key=value parser (DPC)
\KV@toks@=\toks32
)
\lst@mode=\count103
\lst@gtempboxa=\box28
\lst@token=\toks33
\lst@length=\count104
\lst@currlwidth=\dimen112
\lst@column=\count105
\lst@pos=\count106
\lst@lostspace=\dimen113
\lst@width=\dimen114
\lst@newlines=\count107
\lst@lineno=\count108
\lst@maxwidth=\dimen115

("C:\Program Files (x86)\MiKTeX 2.9\tex\latex\listings\lstmisc.sty"
File: lstmisc.sty 2013/08/26 1.5b (Carsten Heinz)
\c@lstnumber=\count109
\lst@skipnumbers=\count110
\lst@framebox=\box29
)
("C:\Program Files (x86)\MiKTeX 2.9\tex\latex\listings\listings.cfg"
File: listings.cfg 2013/08/26 1.5b listings configuration
))
Package: listings 2013/08/26 1.5b (Carsten Heinz)

("C:\Program Files (x86)\MiKTeX 2.9\tex\latex\hyperref\hyperref.sty"
Package: hyperref 2012/11/06 v6.83m Hypertext links for LaTeX

("C:\Program Files (x86)\MiKTeX 2.9\tex\generic\oberdiek\hobsub-hyperref.sty"
Package: hobsub-hyperref 2012/04/25 v1.12 Bundle oberdiek, subset hyperref (HO)


("C:\Program Files (x86)\MiKTeX 2.9\tex\generic\oberdiek\hobsub-generic.sty"
Package: hobsub-generic 2012/04/25 v1.12 Bundle oberdiek, subset generic (HO)
Package: hobsub 2012/04/25 v1.12 Construct package bundles (HO)
Package: infwarerr 2010/04/08 v1.3 Providing info/warning/error messages (HO)
Package: ltxcmds 2011/11/09 v1.22 LaTeX kernel commands for general use (HO)
Package: ifluatex 2010/03/01 v1.3 Provides the ifluatex switch (HO)
Package ifluatex Info: LuaTeX not detected.
Package: ifvtex 2010/03/01 v1.5 Detect VTeX and its facilities (HO)
Package ifvtex Info: VTeX not detected.
Package: intcalc 2007/09/27 v1.1 Expandable calculations with integers (HO)
Package: ifpdf 2011/01/30 v2.3 Provides the ifpdf switch (HO)
Package ifpdf Info: pdfTeX in PDF mode is detected.
Package: etexcmds 2011/02/16 v1.5 Avoid name clashes with e-TeX commands (HO)
Package etexcmds Info: Could not find \expanded.
(etexcmds)             That can mean that you are not using pdfTeX 1.50 or
(etexcmds)             that some package has redefined \expanded.
(etexcmds)             In the latter case, load this package earlier.
Package: kvsetkeys 2012/04/25 v1.16 Key value parser (HO)
Package: kvdefinekeys 2011/04/07 v1.3 Define keys (HO)
Package: pdftexcmds 2011/11/29 v0.20 Utility functions of pdfTeX for LuaTeX (HO
)
Package pdftexcmds Info: LuaTeX not detected.
Package pdftexcmds Info: \pdf@primitive is available.
Package pdftexcmds Info: \pdf@ifprimitive is available.
Package pdftexcmds Info: \pdfdraftmode found.
Package: pdfescape 2011/11/25 v1.13 Implements pdfTeX's escape features (HO)
Package: bigintcalc 2012/04/08 v1.3 Expandable calculations on big integers (HO
)
Package: bitset 2011/01/30 v1.1 Handle bit-vector datatype (HO)
Package: uniquecounter 2011/01/30 v1.2 Provide unlimited unique counter (HO)
)
Package hobsub Info: Skipping package `hobsub' (already loaded).
Package: letltxmacro 2010/09/02 v1.4 Let assignment for LaTeX macros (HO)
Package: hopatch 2011/06/24 v1.1 Wrapper for package hooks (HO)
Package: xcolor-patch 2011/01/30 xcolor patch
Package: atveryend 2011/06/30 v1.8 Hooks at the very end of document (HO)
Package: atbegshi 2011/10/05 v1.16 At begin shipout hook (HO)
Package: refcount 2011/10/16 v3.4 Data extraction from label references (HO)
Package: hycolor 2011/01/30 v1.7 Color options for hyperref/bookmark (HO)
)
("C:\Program Files (x86)\MiKTeX 2.9\tex\generic\ifxetex\ifxetex.sty"
Package: ifxetex 2010/09/12 v0.6 Provides ifxetex conditional
)
("C:\Program Files (x86)\MiKTeX 2.9\tex\latex\oberdiek\auxhook.sty"
Package: auxhook 2011/03/04 v1.3 Hooks for auxiliary files (HO)


Package auxhook Warning: Cannot patch \document,
(auxhook)                using \AtBeginDocument instead.

) ("C:\Program Files (x86)\MiKTeX 2.9\tex\latex\oberdiek\kvoptions.sty"
Package: kvoptions 2011/06/30 v3.11 Key value format for package options (HO)
)
\@linkdim=\dimen116
\Hy@linkcounter=\count111
\Hy@pagecounter=\count112

("C:\Program Files (x86)\MiKTeX 2.9\tex\latex\hyperref\pd1enc.def"
File: pd1enc.def 2012/11/06 v6.83m Hyperref: PDFDocEncoding definition (HO)
)
\Hy@SavedSpaceFactor=\count113

("C:\Program Files (x86)\MiKTeX 2.9\tex\latex\00miktex\hyperref.cfg"
File: hyperref.cfg 2002/06/06 v1.2 hyperref configuration of TeXLive
)
Package hyperref Info: Hyper figures OFF on input line 4443.
Package hyperref Info: Link nesting OFF on input line 4448.
Package hyperref Info: Hyper index ON on input line 4451.
Package hyperref Info: Plain pages OFF on input line 4458.
Package hyperref Info: Backreferencing OFF on input line 4463.
Package hyperref Info: Implicit mode ON; LaTeX internals redefined.
Package hyperref Info: Bookmarks ON on input line 4688.
\c@Hy@tempcnt=\count114

("C:\Program Files (x86)\MiKTeX 2.9\tex\latex\ltxmisc\url.sty"
\Urlmuskip=\muskip11
Package: url 2006/04/12  ver 3.3  Verb mode for urls, etc.
)
LaTeX Info: Redefining \url on input line 5041.
\XeTeXLinkMargin=\dimen117
\Fld@menulength=\count115
\Field@Width=\dimen118
\Fld@charsize=\dimen119
Package hyperref Info: Hyper figures OFF on input line 6295.
Package hyperref Info: Link nesting OFF on input line 6300.
Package hyperref Info: Hyper index ON on input line 6303.
Package hyperref Info: backreferencing OFF on input line 6310.
Package hyperref Info: Link coloring OFF on input line 6315.
Package hyperref Info: Link coloring with OCG OFF on input line 6320.
Package hyperref Info: PDF/A mode OFF on input line 6325.
LaTeX Info: Redefining \ref on input line 6365.
LaTeX Info: Redefining \pageref on input line 6369.
\Hy@abspage=\count116
\c@Item=\count117
\c@Hfootnote=\count118
)

Package hyperref Message: Driver (autodetected): hpdftex.

("C:\Program Files (x86)\MiKTeX 2.9\tex\latex\hyperref\hpdftex.def"
File: hpdftex.def 2012/11/06 v6.83m Hyperref driver for pdfTeX
\Fld@listcount=\count119
\c@bookmark@seq@number=\count120

("C:\Program Files (x86)\MiKTeX 2.9\tex\latex\oberdiek\rerunfilecheck.sty"
Package: rerunfilecheck 2011/04/15 v1.7 Rerun checks for auxiliary files (HO)
Package uniquecounter Info: New unique counter `rerunfilecheck' on input line 2
82.
)
\Hy@SectionHShift=\skip49
)
("C:\Program Files (x86)\MiKTeX 2.9\tex\latex\tools\tabularx.sty"
Package: tabularx 1999/01/07 v2.07 `tabularx' package (DPC)

("C:\Program Files (x86)\MiKTeX 2.9\tex\latex\tools\array.sty"
Package: array 2008/09/09 v2.4c Tabular extension package (FMi)
\col@sep=\dimen120
\extrarowheight=\dimen121
\NC@list=\toks34
\extratabsurround=\skip50
\backup@length=\skip51
)
\TX@col@width=\dimen122
\TX@old@table=\dimen123
\TX@old@col=\dimen124
\TX@target=\dimen125
\TX@delta=\dimen126
\TX@cols=\count121
\TX@ftn=\toks35
)
("C:\Program Files (x86)\MiKTeX 2.9\tex\latex\graphics\graphicx.sty"
Package: graphicx 1999/02/16 v1.0f Enhanced LaTeX Graphics (DPC,SPQR)

("C:\Program Files (x86)\MiKTeX 2.9\tex\latex\graphics\graphics.sty"
Package: graphics 2009/02/05 v1.0o Standard LaTeX Graphics (DPC,SPQR)

("C:\Program Files (x86)\MiKTeX 2.9\tex\latex\graphics\trig.sty"
Package: trig 1999/03/16 v1.09 sin cos tan (DPC)
)
("C:\Program Files (x86)\MiKTeX 2.9\tex\latex\00miktex\graphics.cfg"
File: graphics.cfg 2007/01/18 v1.5 graphics configuration of teTeX/TeXLive
)
Package graphics Info: Driver file: pdftex.def on input line 91.

("C:\Program Files (x86)\MiKTeX 2.9\tex\latex\pdftex-def\pdftex.def"
File: pdftex.def 2011/05/27 v0.06d Graphics/color for pdfTeX
\Gread@gobject=\count122
))
\Gin@req@height=\dimen127
\Gin@req@width=\dimen128
)
("C:\Program Files (x86)\MiKTeX 2.9\tex\latex\algorithmicx\algpseudocode.sty"
Package: algpseudocode 

("C:\Program Files (x86)\MiKTeX 2.9\tex\latex\base\ifthen.sty"
Package: ifthen 2001/05/26 v1.1c Standard LaTeX ifthen package (DPC)
)
("C:\Program Files (x86)\MiKTeX 2.9\tex\latex\algorithmicx\algorithmicx.sty"
Package: algorithmicx 2005/04/27 v1.2 Algorithmicx

Document Style algorithmicx 1.2 - a greatly improved `algorithmic' style
\c@ALG@line=\count123
\c@ALG@rem=\count124
\c@ALG@nested=\count125
\ALG@tlm=\skip52
\ALG@thistlm=\skip53
\c@ALG@Lnr=\count126
\c@ALG@blocknr=\count127
\c@ALG@storecount=\count128
\c@ALG@tmpcounter=\count129
\ALG@tmplength=\skip54
)
Document Style - pseudocode environments for use with the `algorithmicx' style
) ("C:\Program Files (x86)\MiKTeX 2.9\tex\latex\caption\subcaption.sty"
Package: subcaption 2013/02/03 v1.1-62 Sub-captions (AR)

("C:\Program Files (x86)\MiKTeX 2.9\tex\latex\caption\caption.sty"
Package: caption 2013/05/02 v3.3-89 Customizing captions (AR)

("C:\Program Files (x86)\MiKTeX 2.9\tex\latex\caption\caption3.sty"
Package: caption3 2013/05/02 v1.6-88 caption3 kernel (AR)
Package caption3 Info: TeX engine: e-TeX on input line 57.
\captionmargin=\dimen129
\captionmargin@=\dimen130
\captionwidth=\dimen131
\caption@tempdima=\dimen132
\caption@indent=\dimen133
\caption@parindent=\dimen134
\caption@hangindent=\dimen135
)
\c@ContinuedFloat=\count130
Package caption Info: hyperref package is loaded.
Package caption Info: listings package is loaded.
)
\c@subfigure=\count131
\c@subtable=\count132
)
("C:\Program Files (x86)\MiKTeX 2.9\tex\latex\algorithms\algorithm.sty"
Package: algorithm 2009/08/24 v0.1 Document Style `algorithm' - floating enviro
nment

("C:\Program Files (x86)\MiKTeX 2.9\tex\latex\float\float.sty"
Package: float 2001/11/08 v1.3d Float enhancements (AL)
\c@float@type=\count133
\float@exts=\toks36
\float@box=\box30
\@float@everytoks=\toks37
\@floatcapt=\box31
)
\@float@every@algorithm=\toks38
\c@algorithm=\count134
)))
(C:\Users\User\Documents\KU\Attending\BachelorProjekt\Rapport\sections\Experime
nts\experiments.aux)
LaTeX Font Info:    Checking defaults for OML/cmm/m/it on input line 2.
LaTeX Font Info:    ... okay on input line 2.
LaTeX Font Info:    Checking defaults for T1/cmr/m/n on input line 2.
LaTeX Font Info:    ... okay on input line 2.
LaTeX Font Info:    Checking defaults for OT1/cmr/m/n on input line 2.
LaTeX Font Info:    ... okay on input line 2.
LaTeX Font Info:    Checking defaults for OMS/cmsy/m/n on input line 2.
LaTeX Font Info:    ... okay on input line 2.
LaTeX Font Info:    Checking defaults for OMX/cmex/m/n on input line 2.
LaTeX Font Info:    ... okay on input line 2.
LaTeX Font Info:    Checking defaults for U/cmr/m/n on input line 2.
LaTeX Font Info:    ... okay on input line 2.
LaTeX Font Info:    Checking defaults for PD1/pdf/m/n on input line 2.
LaTeX Font Info:    ... okay on input line 2.

("C:\Program Files (x86)\MiKTeX 2.9\tex\latex\ucs\ucsencs.def"
File: ucsencs.def 2011/01/21 Fixes to fontencodings LGR, T3
)
\c@lstlisting=\count135
\AtBeginShipoutBox=\box32
Package hyperref Info: Link coloring OFF on input line 2.

("C:\Program Files (x86)\MiKTeX 2.9\tex\latex\hyperref\nameref.sty"
Package: nameref 2012/10/27 v2.43 Cross-referencing by name of section

("C:\Program Files (x86)\MiKTeX 2.9\tex\generic\oberdiek\gettitlestring.sty"
Package: gettitlestring 2010/12/03 v1.4 Cleanup title references (HO)
)
\c@section@level=\count136
)
LaTeX Info: Redefining \ref on input line 2.
LaTeX Info: Redefining \pageref on input line 2.
LaTeX Info: Redefining \nameref on input line 2.

(C:\Users\User\Documents\KU\Attending\BachelorProjekt\Rapport\sections\Experime
nts\experiments.out)
(C:\Users\User\Documents\KU\Attending\BachelorProjekt\Rapport\sections\Experime
nts\experiments.out)
\@outlinefile=\write3

("C:\Program Files (x86)\MiKTeX 2.9\tex\context\base\supp-pdf.mkii"
[Loading MPS to PDF converter (version 2006.09.02).]
\scratchcounter=\count137
\scratchdimen=\dimen136
\scratchbox=\box33
\nofMPsegments=\count138
\nofMParguments=\count139
\everyMPshowfont=\toks39
\MPscratchCnt=\count140
\MPscratchDim=\dimen137
\MPnumerator=\count141
\makeMPintoPDFobject=\count142
\everyMPtoPDFconversion=\toks40
)
Package caption Info: Begin \AtBeginDocument code.
Package caption Info: float package is loaded.
Package caption Info: End \AtBeginDocument code.

Underfull \hbox (badness 10000) in paragraph at lines 5--6

 []

("C:\Program Files (x86)\MiKTeX 2.9\tex\latex\ucs\uni-0.def"
File: uni-0.def 2013/05/13 UCS: Unicode data U+0000..U+00FF
)
LaTeX Font Info:    Try loading font information for U+msa on input line 7.

("C:\Program Files (x86)\MiKTeX 2.9\tex\latex\amsfonts\umsa.fd"
File: umsa.fd 2013/01/14 v3.01 AMS symbols A
)
LaTeX Font Info:    Try loading font information for U+msb on input line 7.

("C:\Program Files (x86)\MiKTeX 2.9\tex\latex\amsfonts\umsb.fd"
File: umsb.fd 2013/01/14 v3.01 AMS symbols B
)
Overfull \hbox (16.41692pt too wide) in paragraph at lines 9--10
\OT1/cmr/m/n/10 sion, us-ing the com-mand \OT1/cmtt/m/n/10 cluster[]fast input.
fa -id 0.95 -uc clusters.file\OT1/cmr/m/n/10 .
 []


LaTeX Warning: Reference `minmaxerror' on page 1 undefined on input line 13.


Underfull \hbox (badness 10000) in paragraph at lines 13--14

 []


LaTeX Warning: Reference `sec:levenshtein' on page 1 undefined on input line 15
.

<precision/minmax/cecum1wide.jpg, id=28, 401.5pt x 401.5pt>
File: precision/minmax/cecum1wide.jpg Graphic file (type jpg)

<use precision/minmax/cecum1wide.jpg>
Package pdftex.def Info: precision/minmax/cecum1wide.jpg used on input line 32.

(pdftex.def)             Requested size: 200.7495pt x 200.7495pt.
 [1

{C:/Users/User/AppData/Local/MiKTeX/2.9/pdftex/config/pdftex.map}]
LaTeX Font Info:    Try loading font information for OMS+cmr on input line 38.

("C:\Program Files (x86)\MiKTeX 2.9\tex\latex\base\omscmr.fd"
File: omscmr.fd 1999/05/25 v2.5h Standard LaTeX font definitions
)
LaTeX Font Info:    Font shape `OMS/cmr/m/n' in size <10> not available
(Font)              Font shape `OMS/cmsy/m/n' tried instead on input line 38.

Underfull \hbox (badness 10000) in paragraph at lines 42--43

 []


Underfull \hbox (badness 10000) in paragraph at lines 44--45

 []


Underfull \hbox (badness 10000) in paragraph at lines 46--47

 []


Underfull \hbox (badness 10000) in paragraph at lines 48--49

 []

<precision/minmax/cecum1precise.jpg, id=49, 401.5pt x 401.5pt>
File: precision/minmax/cecum1precise.jpg Graphic file (type jpg)

<use precision/minmax/cecum1precise.jpg>
Package pdftex.def Info: precision/minmax/cecum1precise.jpg used on input line 
52.
(pdftex.def)             Requested size: 172.5pt x 172.50072pt.

<precision/minmax/cecum2precise.jpg, id=50, 401.5pt x 401.5pt>
File: precision/minmax/cecum2precise.jpg Graphic file (type jpg)

<use precision/minmax/cecum2precise.jpg>
Package pdftex.def Info: precision/minmax/cecum2precise.jpg used on input line 
56.
(pdftex.def)             Requested size: 172.5pt x 172.50072pt.

<precision/minmax/cecum3precise.jpg, id=51, 401.5pt x 401.5pt>
File: precision/minmax/cecum3precise.jpg Graphic file (type jpg)

<use precision/minmax/cecum3precise.jpg>
Package pdftex.def Info: precision/minmax/cecum3precise.jpg used on input line 
60.
(pdftex.def)             Requested size: 172.5pt x 172.50072pt.

<precision/minmax/cecum4precise.jpg, id=52, 401.5pt x 401.5pt>
File: precision/minmax/cecum4precise.jpg Graphic file (type jpg)

<use precision/minmax/cecum4precise.jpg>
Package pdftex.def Info: precision/minmax/cecum4precise.jpg used on input line 
64.
(pdftex.def)             Requested size: 172.5pt x 172.50072pt.

<precision/minmax/cecum5precise.jpg, id=53, 401.5pt x 401.5pt>
File: precision/minmax/cecum5precise.jpg Graphic file (type jpg)

<use precision/minmax/cecum5precise.jpg>
Package pdftex.def Info: precision/minmax/cecum5precise.jpg used on input line 
68.
(pdftex.def)             Requested size: 172.5pt x 172.50072pt.

Overfull \hbox (2.22221pt too wide) in paragraph at lines 51--71
[][] []
 []


Overfull \hbox (2.22221pt too wide) in paragraph at lines 51--71
[] []
 []

[2 <C:/Users/User/Documents/KU/Attending/BachelorProjekt/Rapport/sections/Exper
iments/precision/minmax/cecum1wide.jpg>] [3]
Overfull \vbox (30.50215pt too high) has occurred while \output is active []


[4 <C:/Users/User/Documents/KU/Attending/BachelorProjekt/Rapport/sections/Exper
iments/precision/minmax/cecum1precise.jpg> <C:/Users/User/Documents/KU/Attendin
g/BachelorProjekt/Rapport/sections/Experiments/precision/minmax/cecum2precise.j
pg> <C:/Users/User/Documents/KU/Attending/BachelorProjekt/Rapport/sections/Expe
riments/precision/minmax/cecum3precise.jpg> <C:/Users/User/Documents/KU/Attendi
ng/BachelorProjekt/Rapport/sections/Experiments/precision/minmax/cecum4precise.
jpg> <C:/Users/User/Documents/KU/Attending/BachelorProjekt/Rapport/sections/Exp
eriments/precision/minmax/cecum5precise.jpg>]
<precision/minmax/k5cecum.jpg, id=70, 401.5pt x 401.5pt>
File: precision/minmax/k5cecum.jpg Graphic file (type jpg)

<use precision/minmax/k5cecum.jpg>
Package pdftex.def Info: precision/minmax/k5cecum.jpg used on input line 76.
(pdftex.def)             Requested size: 155.24895pt x 155.24881pt.

<precision/minmax/k6cecum.jpg, id=71, 401.5pt x 401.5pt>
File: precision/minmax/k6cecum.jpg Graphic file (type jpg)

<use precision/minmax/k6cecum.jpg>
Package pdftex.def Info: precision/minmax/k6cecum.jpg used on input line 80.
(pdftex.def)             Requested size: 155.24895pt x 155.24881pt.

<precision/minmax/k10cecum.jpg, id=72, 401.5pt x 401.5pt>
File: precision/minmax/k10cecum.jpg Graphic file (type jpg)

<use precision/minmax/k10cecum.jpg>
Package pdftex.def Info: precision/minmax/k10cecum.jpg used on input line 84.
(pdftex.def)             Requested size: 155.24895pt x 155.24881pt.

<precision/minmax/k11cecum.jpg, id=73, 401.5pt x 401.5pt>
File: precision/minmax/k11cecum.jpg Graphic file (type jpg)

<use precision/minmax/k11cecum.jpg>
Package pdftex.def Info: precision/minmax/k11cecum.jpg used on input line 88.
(pdftex.def)             Requested size: 155.24895pt x 155.24881pt.
File: precision/minmax/k11cecum.jpg Graphic file (type jpg)
 <use precision/minmax/k11cecum.jpg>
Package pdftex.def Info: precision/minmax/k11cecum.jpg used on input line 92.
(pdftex.def)             Requested size: 155.24895pt x 155.24881pt.

Underfull \hbox (badness 10000) in paragraph at lines 75--95
[][] []
 []


Underfull \hbox (badness 10000) in paragraph at lines 75--95
[] []
 []


Overfull \vbox (2.74643pt too high) has occurred while \output is active []


[5 <C:/Users/User/Documents/KU/Attending/BachelorProjekt/Rapport/sections/Exper
iments/precision/minmax/k5cecum.jpg> <C:/Users/User/Documents/KU/Attending/Bach
elorProjekt/Rapport/sections/Experiments/precision/minmax/k6cecum.jpg> <C:/User
s/User/Documents/KU/Attending/BachelorProjekt/Rapport/sections/Experiments/prec
ision/minmax/k10cecum.jpg> <C:/Users/User/Documents/KU/Attending/BachelorProjek
t/Rapport/sections/Experiments/precision/minmax/k11cecum.jpg>]

LaTeX Warning: Reference `maxmin' on page 6 undefined on input line 101.

<precision/minmaxhalf/cecum1wide.jpg, id=82, 401.5pt x 401.5pt>
File: precision/minmaxhalf/cecum1wide.jpg Graphic file (type jpg)

<use precision/minmaxhalf/cecum1wide.jpg>
Package pdftex.def Info: precision/minmaxhalf/cecum1wide.jpg used on input line
 104.
(pdftex.def)             Requested size: 200.7495pt x 200.7495pt.

Underfull \hbox (badness 10000) in paragraph at lines 108--109

 []


LaTeX Warning: Reference `minmaxerror' on page 6 undefined on input line 110.


Underfull \hbox (badness 10000) in paragraph at lines 110--111

 []


Underfull \hbox (badness 10000) in paragraph at lines 112--113

 []

<precision/minmaxhalf/cecum1precise.jpg, id=89, 401.5pt x 401.5pt>
File: precision/minmaxhalf/cecum1precise.jpg Graphic file (type jpg)

<use precision/minmaxhalf/cecum1precise.jpg>
Package pdftex.def Info: precision/minmaxhalf/cecum1precise.jpg used on input l
ine 117.
(pdftex.def)             Requested size: 172.5pt x 172.50072pt.

<precision/minmaxhalf/cecum2precise.jpg, id=90, 401.5pt x 401.5pt>
File: precision/minmaxhalf/cecum2precise.jpg Graphic file (type jpg)

<use precision/minmaxhalf/cecum2precise.jpg>
Package pdftex.def Info: precision/minmaxhalf/cecum2precise.jpg used on input l
ine 121.
(pdftex.def)             Requested size: 172.5pt x 172.50072pt.

<precision/minmaxhalf/cecum3precise.jpg, id=91, 401.5pt x 401.5pt>
File: precision/minmaxhalf/cecum3precise.jpg Graphic file (type jpg)

<use precision/minmaxhalf/cecum3precise.jpg>
Package pdftex.def Info: precision/minmaxhalf/cecum3precise.jpg used on input l
ine 125.
(pdftex.def)             Requested size: 172.5pt x 172.50072pt.

<precision/minmaxhalf/cecum4precise.jpg, id=92, 401.5pt x 401.5pt>
File: precision/minmaxhalf/cecum4precise.jpg Graphic file (type jpg)

<use precision/minmaxhalf/cecum4precise.jpg>
Package pdftex.def Info: precision/minmaxhalf/cecum4precise.jpg used on input l
ine 129.
(pdftex.def)             Requested size: 172.5pt x 172.50072pt.

<precision/minmaxhalf/cecum5precise.jpg, id=93, 401.5pt x 401.5pt>
File: precision/minmaxhalf/cecum5precise.jpg Graphic file (type jpg)

<use precision/minmaxhalf/cecum5precise.jpg>
Package pdftex.def Info: precision/minmaxhalf/cecum5precise.jpg used on input l
ine 133.
(pdftex.def)             Requested size: 172.5pt x 172.50072pt.

Overfull \hbox (2.22221pt too wide) in paragraph at lines 116--136
[][] []
 []


Overfull \hbox (2.22221pt too wide) in paragraph at lines 116--136
[] []
 []

[6 <C:/Users/User/Documents/KU/Attending/BachelorProjekt/Rapport/sections/Exper
iments/precision/minmaxhalf/cecum1wide.jpg>]
Overfull \vbox (18.55061pt too high) has occurred while \output is active []


[7 <C:/Users/User/Documents/KU/Attending/BachelorProjekt/Rapport/sections/Exper
iments/precision/minmaxhalf/cecum1precise.jpg> <C:/Users/User/Documents/KU/Atte
nding/BachelorProjekt/Rapport/sections/Experiments/precision/minmaxhalf/cecum2p
recise.jpg> <C:/Users/User/Documents/KU/Attending/BachelorProjekt/Rapport/secti
ons/Experiments/precision/minmaxhalf/cecum3precise.jpg> <C:/Users/User/Document
s/KU/Attending/BachelorProjekt/Rapport/sections/Experiments/precision/minmaxhal
f/cecum4precise.jpg> <C:/Users/User/Documents/KU/Attending/BachelorProjekt/Rapp
ort/sections/Experiments/precision/minmaxhalf/cecum5precise.jpg>]
<precision/minmaxhalf/k5cecum.jpg, id=110, 401.5pt x 401.5pt>
File: precision/minmaxhalf/k5cecum.jpg Graphic file (type jpg)

<use precision/minmaxhalf/k5cecum.jpg>
Package pdftex.def Info: precision/minmaxhalf/k5cecum.jpg used on input line 14
2.
(pdftex.def)             Requested size: 172.5pt x 172.50072pt.

<precision/minmaxhalf/k8cecum.jpg, id=111, 401.5pt x 401.5pt>
File: precision/minmaxhalf/k8cecum.jpg Graphic file (type jpg)

<use precision/minmaxhalf/k8cecum.jpg>
Package pdftex.def Info: precision/minmaxhalf/k8cecum.jpg used on input line 14
6.
(pdftex.def)             Requested size: 172.5pt x 172.50072pt.

<precision/minmaxhalf/k12cecum.jpg, id=112, 401.5pt x 401.5pt>
File: precision/minmaxhalf/k12cecum.jpg Graphic file (type jpg)

<use precision/minmaxhalf/k12cecum.jpg>
Package pdftex.def Info: precision/minmaxhalf/k12cecum.jpg used on input line 1
50.
(pdftex.def)             Requested size: 172.5pt x 172.50072pt.

Overfull \hbox (2.22221pt too wide) in paragraph at lines 141--153
[][] []
 []


LaTeX Warning: Reference `minmaxjaccard' on page 8 undefined on input line 158.



LaTeX Warning: Reference `minmaxhalfjaccard' on page 8 undefined on input line 
158.


Underfull \hbox (badness 10000) in paragraph at lines 158--159

 []

[8 <C:/Users/User/Documents/KU/Attending/BachelorProjekt/Rapport/sections/Exper
iments/precision/minmaxhalf/k5cecum.jpg> <C:/Users/User/Documents/KU/Attending/
BachelorProjekt/Rapport/sections/Experiments/precision/minmaxhalf/k8cecum.jpg> 
<C:/Users/User/Documents/KU/Attending/BachelorProjekt/Rapport/sections/Experime
nts/precision/minmaxhalf/k12cecum.jpg>]
Underfull \hbox (badness 10000) in paragraph at lines 160--161

 []


Underfull \hbox (badness 10000) in paragraph at lines 166--167

 []


Underfull \hbox (badness 10000) in paragraph at lines 168--169

 []


Underfull \hbox (badness 10000) in paragraph at lines 170--171

 []


Underfull \hbox (badness 10000) in paragraph at lines 172--173

 []


Underfull \hbox (badness 10000) in paragraph at lines 174--175

 []

[9]
Underfull \hbox (badness 10000) in paragraph at lines 176--177

 []

Package atveryend Info: Empty hook `BeforeClearDocument' on input line 202.
[10]
Package atveryend Info: Empty hook `AfterLastShipout' on input line 202.

(C:\Users\User\Documents\KU\Attending\BachelorProjekt\Rapport\sections\Experime
nts\experiments.aux)
Package atveryend Info: Executing hook `AtVeryEndDocument' on input line 202.
Package atveryend Info: Executing hook `AtEndAfterFileList' on input line 202.
Package rerunfilecheck Info: File `experiments.out' has not changed.
(rerunfilecheck)             Checksum: 8D71272BAF980F66D662BF387A6E4A31;403.


LaTeX Warning: There were undefined references.


LaTeX Warning: Label(s) may have changed. Rerun to get cross-references right.

 ) 
Here is how much of TeX's memory you used:
 9987 strings out of 493921
 149108 string characters out of 3144878
 235893 words of memory out of 3000000
 13111 multiletter control sequences out of 15000+200000
 11831 words of font info for 46 fonts, out of 3000000 for 9000
 841 hyphenation exceptions out of 8191
 51i,9n,42p,760b,498s stack positions out of 5000i,500n,10000p,200000b,50000s
<C:/Program Files (x86)/MiKTeX 2.9/fonts/type1/public/amsfonts/cm/cmbx10.pfb>
<C:/Program Files (x86)/MiKTeX 2.9/fonts/type1/public/amsfonts/cm/cmbx12.pfb><C
:/Program Files (x86)/MiKTeX 2.9/fonts/type1/public/amsfonts/cm/cmbx8.pfb><C:/P
rogram Files (x86)/MiKTeX 2.9/fonts/type1/public/amsfonts/cm/cmmi10.pfb><C:/Pro
gram Files (x86)/MiKTeX 2.9/fonts/type1/public/amsfonts/cm/cmmi7.pfb><C:/Progra
m Files (x86)/MiKTeX 2.9/fonts/type1/public/amsfonts/cm/cmr10.pfb><C:/Program F
iles (x86)/MiKTeX 2.9/fonts/type1/public/amsfonts/cm/cmr6.pfb><C:/Program Files
 (x86)/MiKTeX 2.9/fonts/type1/public/amsfonts/cm/cmr7.pfb><C:/Program Files (x8
6)/MiKTeX 2.9/fonts/type1/public/amsfonts/cm/cmr8.pfb><C:/Program Files (x86)/M
iKTeX 2.9/fonts/type1/public/amsfonts/cm/cmr9.pfb><C:/Program Files (x86)/MiKTe
X 2.9/fonts/type1/public/amsfonts/cm/cmsy10.pfb><C:/Program Files (x86)/MiKTeX 
2.9/fonts/type1/public/amsfonts/cm/cmtt10.pfb><C:/Program Files (x86)/MiKTeX 2.
9/fonts/type1/public/amsfonts/cm/cmtt9.pfb>
Output written on experiments.pdf (10 pages, 717782 bytes).
PDF statistics:
 183 PDF objects out of 1000 (max. 8388607)
 27 named destinations out of 1000 (max. 500000)
 144 words of extra memory for PDF output out of 10000 (max. 10000000)

